ciro-mobile/android/build/app/intermediates/manifest_merge_blame_file/debug/processDebugMainManifest/manifest-merger-blame-debug-report.txt
1<?xml version="1.0" encoding="utf-8"?>
2<manifest xmlns:android="http://schemas.android.com/apk/res/android"
3    package="com.ciro.agentic.ciro_mobile"
4    android:versionCode="1"
5    android:versionName="1.0.0" >
6
7    <uses-sdk
8        android:minSdkVersion="21"
9        android:targetSdkVersion="35" />
10    <!--
11         The INTERNET permission is required for development. Specifically,
12         the Flutter tool needs it to communicate with the running application
13         to allow setting breakpoints, to provide hot reload, etc.
14    -->
15    <uses-permission android:name="android.permission.INTERNET" />
15-->src\main\AndroidManifest.xml:2:5-66
15-->src\main\AndroidManifest.xml:2:22-64
16    <uses-permission android:name="android.permission.ACCESS_FINE_LOCATION" />
16-->src\main\AndroidManifest.xml:3:5-78
16-->src\main\AndroidManifest.xml:3:22-76
17    <uses-permission android:name="android.permission.ACCESS_COARSE_LOCATION" />
17-->src\main\AndroidManifest.xml:4:5-80
17-->src\main\AndroidManifest.xml:4:22-78
18    <!--
19 Required to query activities that can process text, see:
20         https://developer.android.com/training/package-visibility and
21         https://developer.android.com/reference/android/content/Intent#ACTION_PROCESS_TEXT.
22
23         In particular, this is used by the Flutter engine in io.flutter.plugin.text.ProcessTextPlugin.
24    -->
25    <queries>
25-->src\main\AndroidManifest.xml:47:5-52:15
26        <intent>
26-->src\main\AndroidManifest.xml:48:9-51:18
27            <action android:name="android.intent.action.PROCESS_TEXT" />
27-->src\main\AndroidManifest.xml:49:13-72
27-->src\main\AndroidManifest.xml:49:21-70
28
29            <data android:mimeType="text/plain" />
29-->src\main\AndroidManifest.xml:50:13-50
29-->src\main\AndroidManifest.xml:50:19-48
30        </intent>
31        <!-- Needs to be explicitly declared on Android R+ -->
32        <package android:name="com.google.android.apps.maps" />
32-->[com.google.android.gms:play-services-maps:19.2.0] AndroidManifest.xml:29:7-61
32-->[com.google.android.gms:play-services-maps:19.2.0] AndroidManifest.xml:29:16-59
33    </queries> <!-- Although the *SdkVersion is captured in gradle build files, this is required for non gradle builds -->
34    <!-- <uses-sdk android:minSdkVersion="21" /> -->
35    <uses-permission android:name="android.permission.ACCESS_NETWORK_STATE" />
35-->[com.google.firebase:firebase-firestore:25.1.4] AndroidManifest.xml:10:5-79
35-->[com.google.firebase:firebase-firestore:25.1.4] AndroidManifest.xml:10:22-76
36
37    <uses-feature
37-->[com.google.android.gms:play-services-maps:19.2.0] AndroidManifest.xml:22:5-24:33
38        android:glEsVersion="0x00020000"
38-->[com.google.android.gms:play-services-maps:19.2.0] AndroidManifest.xml:23:8-40
39        android:required="true" />
39-->[com.google.android.gms:play-services-maps:19.2.0] AndroidManifest.xml:24:8-31
40
41    <permission
41-->[androidx.core:core:1.13.1] AndroidManifest.xml:22:5-24:47
42        android:name="com.ciro.agentic.ciro_mobile.DYNAMIC_RECEIVER_NOT_EXPORTED_PERMISSION"
42-->[androidx.core:core:1.13.1] AndroidManifest.xml:23:9-81
43        android:protectionLevel="signature" />
43-->[androidx.core:core:1.13.1] AndroidManifest.xml:24:9-44
44
45    <uses-permission android:name="com.ciro.agentic.ciro_mobile.DYNAMIC_RECEIVER_NOT_EXPORTED_PERMISSION" />
45-->[androidx.core:core:1.13.1] AndroidManifest.xml:26:5-97
45-->[androidx.core:core:1.13.1] AndroidManifest.xml:26:22-94
46
47    <application
48        android:name="android.app.Application"
49        android:appComponentFactory="androidx.core.app.CoreComponentFactory"
49-->[androidx.core:core:1.13.1] AndroidManifest.xml:28:18-86
50        android:debuggable="true"
51        android:extractNativeLibs="true"
52        android:icon="@mipmap/ic_launcher"
53        android:label="ciro_mobile" >
54        <activity
55            android:name="com.ciro.agentic.ciro_mobile.MainActivity"
56            android:configChanges="orientation|keyboardHidden|keyboard|screenSize|smallestScreenSize|locale|layoutDirection|fontScale|screenLayout|density|uiMode"
57            android:exported="true"
58            android:hardwareAccelerated="true"
59            android:launchMode="singleTop"
60            android:taskAffinity=""
61            android:theme="@style/LaunchTheme"
62            android:windowSoftInputMode="adjustResize" >
63
64            <!--
65                 Specifies an Android theme to apply to this Activity as soon as
66                 the Android process has started. This theme is visible to the user
67                 while the Flutter UI initializes. After that, this theme continues
68                 to determine the Window background behind the Flutter UI.
69            -->
70            <meta-data
71                android:name="io.flutter.embedding.android.NormalTheme"
72                android:resource="@style/NormalTheme" />
73
74            <intent-filter>
75                <action android:name="android.intent.action.MAIN" />
76
77                <category android:name="android.intent.category.LAUNCHER" />
78            </intent-filter>
79        </activity>
80        <!--
81             Don't delete the meta-data below.
82             This is used by the Flutter tool to generate GeneratedPluginRegistrant.java
83        -->
84        <meta-data
85            android:name="flutterEmbedding"
86            android:value="2" />
87
88        <!-- Add your Google Maps API Key here -->
89        <meta-data
90            android:name="com.google.android.geo.API_KEY"
91            android:value="AIzaSyDCE_IsPve-rZTrKZYuMapO_W2Wj5rwclg" />
92
93        <service
93-->[:cloud_firestore] AndroidManifest.xml:8:9-12:19
94            android:name="com.google.firebase.components.ComponentDiscoveryService"
94-->[:cloud_firestore] AndroidManifest.xml:8:18-89
95            android:directBootAware="true"
95-->[com.google.firebase:firebase-common:21.0.0] AndroidManifest.xml:32:13-43
96            android:exported="false" >
96-->[com.google.firebase:firebase-firestore:25.1.4] AndroidManifest.xml:16:13-37
97            <meta-data
97-->[:cloud_firestore] AndroidManifest.xml:9:13-11:85
98                android:name="com.google.firebase.components:io.flutter.plugins.firebase.firestore.FlutterFirebaseFirestoreRegistrar"
98-->[:cloud_firestore] AndroidManifest.xml:10:17-134
99                android:value="com.google.firebase.components.ComponentRegistrar" />
99-->[:cloud_firestore] AndroidManifest.xml:11:17-82
100            <meta-data
100-->[:firebase_core] AndroidManifest.xml:9:13-11:85
101                android:name="com.google.firebase.components:io.flutter.plugins.firebase.core.FlutterFirebaseCoreRegistrar"
101-->[:firebase_core] AndroidManifest.xml:10:17-124
102                android:value="com.google.firebase.components.ComponentRegistrar" />
102-->[:firebase_core] AndroidManifest.xml:11:17-82
103            <meta-data
103-->[com.google.firebase:firebase-firestore:25.1.4] AndroidManifest.xml:17:13-19:85
104                android:name="com.google.firebase.components:com.google.firebase.firestore.FirebaseFirestoreKtxRegistrar"
104-->[com.google.firebase:firebase-firestore:25.1.4] AndroidManifest.xml:18:17-122
105                android:value="com.google.firebase.components.ComponentRegistrar" />
105-->[com.google.firebase:firebase-firestore:25.1.4] AndroidManifest.xml:19:17-82
106            <meta-data
106-->[com.google.firebase:firebase-firestore:25.1.4] AndroidManifest.xml:20:13-22:85
107                android:name="com.google.firebase.components:com.google.firebase.firestore.FirestoreRegistrar"
107-->[com.google.firebase:firebase-firestore:25.1.4] AndroidManifest.xml:21:17-111
108                android:value="com.google.firebase.components.ComponentRegistrar" />
108-->[com.google.firebase:firebase-firestore:25.1.4] AndroidManifest.xml:22:17-82
109            <meta-data
109-->[com.google.firebase:firebase-common-ktx:21.0.0] AndroidManifest.xml:12:13-14:85
110                android:name="com.google.firebase.components:com.google.firebase.ktx.FirebaseCommonLegacyRegistrar"
110-->[com.google.firebase:firebase-common-ktx:21.0.0] AndroidManifest.xml:13:17-116
111                android:value="com.google.firebase.components.ComponentRegistrar" />
111-->[com.google.firebase:firebase-common-ktx:21.0.0] AndroidManifest.xml:14:17-82
112            <meta-data
112-->[com.google.firebase:firebase-common:21.0.0] AndroidManifest.xml:35:13-37:85
113                android:name="com.google.firebase.components:com.google.firebase.FirebaseCommonKtxRegistrar"
113-->[com.google.firebase:firebase-common:21.0.0] AndroidManifest.xml:36:17-109
114                android:value="com.google.firebase.components.ComponentRegistrar" />
114-->[com.google.firebase:firebase-common:21.0.0] AndroidManifest.xml:37:17-82
115        </service>
116
117        <provider
117-->[com.google.firebase:firebase-common:21.0.0] AndroidManifest.xml:23:9-28:39
118            android:name="com.google.firebase.provider.FirebaseInitProvider"
118-->[com.google.firebase:firebase-common:21.0.0] AndroidManifest.xml:24:13-77
119            android:authorities="com.ciro.agentic.ciro_mobile.firebaseinitprovider"
119-->[com.google.firebase:firebase-common:21.0.0] AndroidManifest.xml:25:13-72
120            android:directBootAware="true"
120-->[com.google.firebase:firebase-common:21.0.0] AndroidManifest.xml:26:13-43
121            android:exported="false"
121-->[com.google.firebase:firebase-common:21.0.0] AndroidManifest.xml:27:13-37
122            android:initOrder="100" /> <!-- Needs to be explicitly declared on P+ -->
122-->[com.google.firebase:firebase-common:21.0.0] AndroidManifest.xml:28:13-36
123        <uses-library
123-->[com.google.android.gms:play-services-maps:19.2.0] AndroidManifest.xml:33:7-86
124            android:name="org.apache.http.legacy"
124-->[com.google.android.gms:play-services-maps:19.2.0] AndroidManifest.xml:33:21-58
125            android:required="false" />
125-->[com.google.android.gms:play-services-maps:19.2.0] AndroidManifest.xml:33:59-83
126
127        <activity
127-->[com.google.android.gms:play-services-base:18.5.0] AndroidManifest.xml:5:9-173
128            android:name="com.google.android.gms.common.api.GoogleApiActivity"
128-->[com.google.android.gms:play-services-base:18.5.0] AndroidManifest.xml:5:19-85
129            android:exported="false"
129-->[com.google.android.gms:play-services-base:18.5.0] AndroidManifest.xml:5:146-170
130            android:theme="@android:style/Theme.Translucent.NoTitleBar" />
130-->[com.google.android.gms:play-services-base:18.5.0] AndroidManifest.xml:5:86-145
131
132        <uses-library
132-->[androidx.window:window:1.2.0] AndroidManifest.xml:23:9-25:40
133            android:name="androidx.window.extensions"
133-->[androidx.window:window:1.2.0] AndroidManifest.xml:24:13-54
134            android:required="false" />
134-->[androidx.window:window:1.2.0] AndroidManifest.xml:25:13-37
135        <uses-library
135-->[androidx.window:window:1.2.0] AndroidManifest.xml:26:9-28:40
136            android:name="androidx.window.sidecar"
136-->[androidx.window:window:1.2.0] AndroidManifest.xml:27:13-51
137            android:required="false" />
137-->[androidx.window:window:1.2.0] AndroidManifest.xml:28:13-37
138
139        <meta-data
139-->[com.google.android.gms:play-services-basement:18.4.0] AndroidManifest.xml:6:9-122
140            android:name="com.google.android.gms.version"
140-->[com.google.android.gms:play-services-basement:18.4.0] AndroidManifest.xml:6:20-65
141            android:value="@integer/google_play_services_version" />
141-->[com.google.android.gms:play-services-basement:18.4.0] AndroidManifest.xml:6:66-119
142
143        <provider
143-->[androidx.lifecycle:lifecycle-process:2.7.0] AndroidManifest.xml:24:9-32:20
144            android:name="androidx.startup.InitializationProvider"
144-->[androidx.lifecycle:lifecycle-process:2.7.0] AndroidManifest.xml:25:13-67
145            android:authorities="com.ciro.agentic.ciro_mobile.androidx-startup"
145-->[androidx.lifecycle:lifecycle-process:2.7.0] AndroidManifest.xml:26:13-68
146            android:exported="false" >
146-->[androidx.lifecycle:lifecycle-process:2.7.0] AndroidManifest.xml:27:13-37
147            <meta-data
147-->[androidx.lifecycle:lifecycle-process:2.7.0] AndroidManifest.xml:29:13-31:52
148                android:name="androidx.lifecycle.ProcessLifecycleInitializer"
148-->[androidx.lifecycle:lifecycle-process:2.7.0] AndroidManifest.xml:30:17-78
149                android:value="androidx.startup" />
149-->[androidx.lifecycle:lifecycle-process:2.7.0] AndroidManifest.xml:31:17-49
150            <meta-data
150-->[androidx.profileinstaller:profileinstaller:1.3.1] AndroidManifest.xml:29:13-31:52
151                android:name="androidx.profileinstaller.ProfileInstallerInitializer"
151-->[androidx.profileinstaller:profileinstaller:1.3.1] AndroidManifest.xml:30:17-85
152                android:value="androidx.startup" />
152-->[androidx.profileinstaller:profileinstaller:1.3.1] AndroidManifest.xml:31:17-49
153        </provider>
154
155        <receiver
155-->[androidx.profileinstaller:profileinstaller:1.3.1] AndroidManifest.xml:34:9-52:20
156            android:name="androidx.profileinstaller.ProfileInstallReceiver"
156-->[androidx.profileinstaller:profileinstaller:1.3.1] AndroidManifest.xml:35:13-76
157            android:directBootAware="false"
157-->[androidx.profileinstaller:profileinstaller:1.3.1] AndroidManifest.xml:36:13-44
158            android:enabled="true"
158-->[androidx.profileinstaller:profileinstaller:1.3.1] AndroidManifest.xml:37:13-35
159            android:exported="true"
159-->[androidx.profileinstaller:profileinstaller:1.3.1] AndroidManifest.xml:38:13-36
160            android:permission="android.permission.DUMP" >
160-->[androidx.profileinstaller:profileinstaller:1.3.1] AndroidManifest.xml:39:13-57
161            <intent-filter>
161-->[androidx.profileinstaller:profileinstaller:1.3.1] AndroidManifest.xml:40:13-42:29
162                <action android:name="androidx.profileinstaller.action.INSTALL_PROFILE" />
162-->[androidx.profileinstaller:profileinstaller:1.3.1] AndroidManifest.xml:41:17-91
162-->[androidx.profileinstaller:profileinstaller:1.3.1] AndroidManifest.xml:41:25-88
163            </intent-filter>
164            <intent-filter>
164-->[androidx.profileinstaller:profileinstaller:1.3.1] AndroidManifest.xml:43:13-45:29
165                <action android:name="androidx.profileinstaller.action.SKIP_FILE" />
165-->[androidx.profileinstaller:profileinstaller:1.3.1] AndroidManifest.xml:44:17-85
165-->[androidx.profileinstaller:profileinstaller:1.3.1] AndroidManifest.xml:44:25-82
166            </intent-filter>
167            <intent-filter>
167-->[androidx.profileinstaller:profileinstaller:1.3.1] AndroidManifest.xml:46:13-48:29
168                <action android:name="androidx.profileinstaller.action.SAVE_PROFILE" />
168-->[androidx.profileinstaller:profileinstaller:1.3.1] AndroidManifest.xml:47:17-88
168-->[androidx.profileinstaller:profileinstaller:1.3.1] AndroidManifest.xml:47:25-85
169            </intent-filter>
170            <intent-filter>
170-->[androidx.profileinstaller:profileinstaller:1.3.1] AndroidManifest.xml:49:13-51:29
171                <action android:name="androidx.profileinstaller.action.BENCHMARK_OPERATION" />
171-->[androidx.profileinstaller:profileinstaller:1.3.1] AndroidManifest.xml:50:17-95
171-->[androidx.profileinstaller:profileinstaller:1.3.1] AndroidManifest.xml:50:25-92
172            </intent-filter>
173        </receiver>
174    </application>
175
176</manifest>